<?xml version="1.0" encoding="UTF-8"?>
<!-- Generated by org.testng.reporters.JUnitXMLReporter -->
<testsuite ignored="0" hostname="LAPTOP-PS1JMCCH" failures="0" tests="4" name="Test" time="13.114" errors="0" timestamp="2022-06-11T16:45:39 IST">
  <testcase classname="com.SauceDemo.TestClasses.TC02_logoutFunctionality" name="logOutFunctionality" time="0.208"/>
  <testcase classname="com.SauceDemo.TestClasses.TC04MultipalProductAddToCardFunctionality" name="loginFunctionalityTest" time="0.503"/>
  <testcase classname="com.SauceDemo.TestClasses.TC03SingleProductAddToCardFunctionality" name="SingleProductAddToCard" time="0.472"/>
  <testcase classname="com.SauceDemo.TestClasses.TC01_LoginFunctionality" name="loginFunctionalityTest" time="0.187"/>
</testsuite> <!-- Test -->
